X-Makina Assembler - Version XM-23P Single Pass+ Assembler - Release 24.04.17
Input file name: cexbra.asm
Time of assembly: Wed 7 Aug 2024 14:47:35 
  1	    	     	;
  2	    	     	; Test of A5 (Conditional Execution)
  3	    	     	; BRA test 
  4	    	     	; Tests disabling cex after BRA execution
  5	    	     	;
  6	    	     	; data segment
  7	    	     	; FFFF stored in DMEM[FFFF]
  8	    	     	    data
  9	    	     	    org #FFFF
 10	FFFF	FFFF	V1	word	#FFFF
 11	    	     	;
 12	    	     	;
 13	    	     	;code segment
 14	    	     	    code
 15	    	     	    org #1000
 16	    	     	MAIN
 17	    	     	;
 18	    	     	; ensure psw is cleared
 19	1000	4DDF		clrcc	vsnzc ; check to see if the instruction works (PSW:00000)
 20	    	     	;
 21	    	     	;
 22	1002	4DA7	   setcc   nzc ; Set N, Z, C flags (PSW: 00111)
 23	    	     	                ; EQ, CS, MI, LE, VC should be true
 24	    	     	                ; NE, PL, CC, GE, LT, GT should be false
 25	    	     	;
 26	    	     	; testing EQ - true
 27	1004	5012	    cex     eq,$2,$2 ; eq is true
 28	1006	3C04	    bra     SETR0; subr to set (r0=FFFF if true) (should execute)
 29	1008	67F9	    movl    V1,R1; instruction to get r0=00FF if true and executed (shouldnt execute)
 30	100A	67FA	    movl    V1,R2; instruction to get r2=00FF if false (shouldnt execute)
 31	100C	7FFA	    movh    V1,R2; instruction to get r2=FF00 if false (shouldnt execute)
 32	    	     	; expected everything after bra shouldnt execute, output will be in r0 
 33	    	     	; r0: FFFF
 34	    	     	; r1: 0000
 35	    	     	; r2: 0000
 36	    	     	;
 37	100E	3FFF	    FAILED  bra FAILED ;infinite loop if test fails
 38	    	     	;
 39	    	     	; the following subr should execute proving our fault handler works
 40	    	     	SETR0
 41	1010	67F8	    movl    V1,R0; set r0 to 00FF
 42	1012	67F8	    movl    V1,R0; set r0 to FFFF
 43	    	     	;
 44	    	     	;
 45	    	     	; Terminate the program
 46	    	     	    end MAIN
Successful completion of assembly - 2P

** Symbol table **

Constants (Equates)
Name                               	Type	Value	Decimal

Labels (Code)
Name                               	Type	Value	Decimal
FAILED                             	REL	100E	4110	PRI
SETR0                              	REL	1010	4112	PRI
MAIN                               	REL	1000	4096	PRI

Labels (Data)
Name                               	Type	Value	Decimal
V1                                 	REL	FFFF	-1	PRI

Registers
Name                               	Type	Value	Decimal
R7                                 	REG	0007	7	PRI
R6                                 	REG	0006	6	PRI
R5                                 	REG	0005	5	PRI
R4                                 	REG	0004	4	PRI
R3                                 	REG	0003	3	PRI
R2                                 	REG	0002	2	PRI
R1                                 	REG	0001	1	PRI
R0                                 	REG	0000	0	PRI

.XME file: \\Mac\Home\Desktop\Computer Architecture\Assembler\cexbra.xme

