X-Makina Assembler - Version XM-23P Single Pass+ Assembler - Release 24.04.17
Input file name: PART2.asm
Time of assembly: Wed 15 May 2024 21:48:33 
  1	    	     	;
  2	    	     	; LowerToUpper ASCII converter
  3	    	     	; ECED 3403
  4	    	     	; 15 May 24
  5	    	     	;
  6	    	     	NUL equ #0 
  7	    	     	;
  8	    	     		CODE
  9	    	     		org	#1000
 10	    	     	;
 11	1000	6A00	Main	movlz	InStr,R0	; r0<-input string address
 12	    	     	;
 13	1002	5841	loop	ld.b	R0,R1		; r1<-array element
 14	1004	45C1		cmp.b	NUL,R1		; NUL char. check
 15	1006	200B		bz	Done	; skip loop if NUL found
 16	    	     	;
 17	    	     	; load constants into registers for comparison
 18	1008	6B0A	movlz	'a',R2	; used to check within range
 19	100A	6BD3	movlz	'z',R3	; ""
 20	100C	6904	movlz	$32,R4	; 32 which offsets lower/upper in ascii
 21	    	     	;
 22	    	     	; check if lower (must be between a and z)
 23	100E	4551	cmp.b	R2,R1	; compare element with a
 24	1010	3804	blt	NextChar	; skip if less that a
 25	1012	4559	cmp.b	R3,R1	; compare element with z
 26	1014	3402	bge	NextChar	; skip if greater than z
 27	    	     	;
 28	    	     	; convert current element to upper
 29	1016	4221		sub	R4,R1	; subtract offset to get upper
 30	1018	5C48		st.b	R1,R0		; save new char.
 31	    	     	;
 32	    	     	NextChar
 33	101A	4088		add	#1,R0		; increment bit for next element check
 34	101C	3FF2		bra	loop		; loop through directives
 35	    	     	;
 36	    	     	Done
 37	    	     	;
 38	    	     	; Finished - busy wait
 39	    	     	;
 40	101E	3FFF	BWait	bra	BWait
 41	    	     	;
 42	    	     	;;;;;;;;;;;;;;;;;;;;;;;;;;;;;;;;;;;;;;;;;;;;;;;;;;;;;;;;;
 43	    	     	;
 44	    	     	; Data space 
 45	    	     	;
 46	    	     		DATA
 47	    	     		org	#40
 48	    	     	;
 49	    	     	; input string
 50	    	     	;
 51	0040	6874	InStr	ascii	"these are my characters !@#$"	
 51	0042	7365
 51	0044	2065
 51	0046	7261
 51	0048	2065
 51	004A	796D
 51	004C	6320
 51	004E	6168
 51	0050	6172
 51	0052	7463
 51	0054	7265
 51	0056	2073
 51	0058	4021
 51	005A	2423
 52	005C	0000	byte	NUL
 53	    	     	;
 54	    	     	;	org	#80
 55	    	     	;OutStr	ascii	"#############################################"
 56	    	     	;
 57	    	     	;
 58	    	     		end	Main

Successful completion of assembly - 2P

** Symbol table **

Constants (Equates)
Name                               	Type	Value	Decimal
NUL                                	CON	0000	0	PRI

Labels (Code)
Name                               	Type	Value	Decimal
BWait                              	REL	101E	4126	PRI
NextChar                           	REL	101A	4122	PRI
Done                               	REL	101E	4126	PRI
loop                               	REL	1002	4098	PRI
Main                               	REL	1000	4096	PRI

Labels (Data)
Name                               	Type	Value	Decimal
InStr                              	REL	0040	64	PRI

Registers
Name                               	Type	Value	Decimal
R7                                 	REG	0007	7	PRI
R6                                 	REG	0006	6	PRI
R5                                 	REG	0005	5	PRI
R4                                 	REG	0004	4	PRI
R3                                 	REG	0003	3	PRI
R2                                 	REG	0002	2	PRI
R1                                 	REG	0001	1	PRI
R0                                 	REG	0000	0	PRI

.XME file: \\Mac\Home\Desktop\Computer Architecture\Lab 1\PART2.xme

