X-Makina Assembler - Version XM-23 Single Pass+ Assembler - Release 14.05.23a
Input file name: PART1_abdulla.asm
Time of assembly: Wed 15 May 2024 17:08:32 
  1	    	     	
  2	    	     	;
  3	    	     	; Sum an array of 16-bit numbers
  4	    	     	; ECED 3403
  5	    	     	; 15 May 24
  6	    	     	;
  7	    	     		CODE
  8	    	     		org	#1000
  9	    	     	;
 10	    	     	; Initialize registers
 11	    	     	;
 12	1000	6A00	Main	movlz	Array,R0	; r0=Address of the array
 13	1002	5803		ld	R0,R3		; load stopper into r3
 14	1004	4090		add	#2,R0		; Move R0 to the next element (first actual data element) - incremented
 15	1006	4C0A		mov	R1,R2		; setting r2 as sum register and making it 0
 16	    	     	;
 17	1008	5801	loop	ld	R0,R1		; load the array's element into r1
 18	100A	400A		add	R1,R2		; Add the element to the sum
 19	100C	4090		add	#2,R0		; Increment R0 to point to the next element in the array
 20	    	     	;
 21	    	     	; Check if we have reached the limit
 22	    	     	;
 23	100E	428B		sub	#1,R3		; stopper - 1
 24	1010	2001		bz	Done		; end loop if stopper is 0
 25	    	     	;
 26	1012	3FFA		bra	loop		; continue adding
 27	    	     	;
 28	    	     	; adding complete, result in R2
 29	    	     	;
 30	    	     	Done
 31	    	     	;
 32	    	     	; Finished - busy wait
 33	    	     	;
 34	1014	3FFF	BWait	bra	BWait
 35	    	     	;
 36	    	     	;;;;;;;;;;;;;;;;;;;;;;;;;;;;;;;;;;;;;;;;;;;;;;;;;;;;;;;;;
 37	    	     	;
 38	    	     	; Data space
 39	    	     	;
 40	    	     		DATA
 41	    	     		org	#40
 42	    	     	;
 43	    	     	; Array 
 44	    	     	;
 45	0040	0005	Array	word	#5		; (5=stopper in r3)
 46	0042	0001		word	#1
 47	0044	0001		word	#1
 48	0046	0001		word	#1
 49	0048	0001	    word	#1
 50	004A	0001	    word	#1
 51	    	     	;
 52	    	     	; Storage for the sum result
 53	    	     	;
 54	    	     	;

Successful completion of assembly - 2P

** Symbol table **
Name                               	Type	Value	Decimal
DATA                               	REL	1016	4118	PRI
BWait                              	REL	1014	4116	PRI
Done                               	REL	1014	4116	PRI
loop                               	REL	1008	4104	PRI
Array                              	REL	0040	64	PRI
Main                               	REL	1000	4096	PRI
CODE                               	REL	0000	0	PRI
R7                                 	REG	0007	7	PRI
R6                                 	REG	0006	6	PRI
R5                                 	REG	0005	5	PRI
R4                                 	REG	0004	4	PRI
R3                                 	REG	0003	3	PRI
R2                                 	REG	0002	2	PRI
R1                                 	REG	0001	1	PRI
R0                                 	REG	0000	0	PRI

.XME file: \\Mac\Home\Desktop\PART1_abdulla.xme

