X-Makina Assembler - Version XM-23P Single Pass+ Assembler - Release 24.04.17
Input file name: LDRSTR.asm
Time of assembly: Fri 12 Jul 2024 01:17:04 
  1	    	     	
  2	    	     		data
  3	    	     		org	#10
  4	0010	FFFF	V1	word	#FFFF
  5	    	     	;
  6	    	     		code
  7	    	     		org	#200
  8	    	     	LDST1
  9	    	     	;
 10	    	     	; Get address of V1 into R0
 11	    	     	;
 12	    	     	;	movl	V1,R0		; R0 = #??00
 13	    	     	;	movh	V1,R0		; R0 = #0010
 14	    	     	;
 15	    	     	; R1 <- mem[R0]
 16	    	     	;
 17	    	     	; R0 contains the effective address
 18	    	     	; mem[R0] is rvalue (a value or expression)
 19	    	     	; R1 is lvalue (where the result is to be stored)
 20	    	     	;
 21	    	     	; LD from-memory (rvalue),to-register (lvalue)
 22	    	     	;
 23	    	     	;	LD	R0,R1		; R1 <- #FFFF
 24	0200	8801		LDR R0,#0010,R1
 25	    	     	;
 26	    	     	;	ADD	R0,R0		; R0 <- R0 + R0
 27	    	     	;
 28	    	     	; mem[R0] <- R1
 29	    	     	;
 30	    	     	; R1 is rvalue
 31	    	     	; R0 is the effective address
 32	    	     	; mem[R0] is lvalue
 33	    	     	; 
 34	0202	C088		STR	R1,R0,#1
 35	    	     	;
 36	    	     	; Put breakpoint on next address
 37	    	     	;
 38	    	     	BrkPtHere
 39	    	     	;
 40	    	     		end LDST1

Successful completion of assembly - 1P

** Symbol table **

Constants (Equates)
Name                               	Type	Value	Decimal

Labels (Code)
Name                               	Type	Value	Decimal
BrkPtHere                          	REL	0204	516	PRI
LDST1                              	REL	0200	512	PRI

Labels (Data)
Name                               	Type	Value	Decimal
V1                                 	REL	0010	16	PRI

Registers
Name                               	Type	Value	Decimal
R7                                 	REG	0007	7	PRI
R6                                 	REG	0006	6	PRI
R5                                 	REG	0005	5	PRI
R4                                 	REG	0004	4	PRI
R3                                 	REG	0003	3	PRI
R2                                 	REG	0002	2	PRI
R1                                 	REG	0001	1	PRI
R0                                 	REG	0000	0	PRI

.XME file: \\Mac\Home\Desktop\Computer Architecture\Assembler\LDRSTR.xme

